2014-04-17 16:24:42.603 HelloCordova[19134:70b] Multi-tasking -> Device: YES, App: YES
2014-04-17 16:24:42.613 HelloCordova[19134:70b] Unlimited access to network resources
2014-04-17 16:24:43.669 HelloCordova[19134:70b] CDVPlugin class CDVStatusBar (pluginName: statusbar) does not exist.
2014-04-17 16:24:43.670 HelloCordova[19134:70b] [CDVTimer][statusbar] 0.914991ms
2014-04-17 16:24:43.671 HelloCordova[19134:70b] [CDVTimer][TotalPluginStartup] 1.778007ms
2014-04-17 16:24:43.932 HelloCordova[19134:70b] Resetting plugins due to page load.
2014-04-17 16:24:44.235 HelloCordova[19134:70b] Finished load of: file:///Users/dunkkle/Library/Application%20Support/iPhone%20Simulator/7.1/Applications/9514CDF2-6398-40FA-ABB4-D8BFB7CC3D63/HelloCordova.app/www/index.html
2014-04-17 16:24:44.378 HelloCordova[19134:70b] CDVPlugin class CDVStatusBar (pluginName: StatusBar) does not exist.
2014-04-17 16:24:44.379 HelloCordova[19134:70b] ERROR: Plugin 'StatusBar' not found, or is not a CDVPlugin. Check your plugin mapping in config.xml.
2014-04-17 16:24:44.379 HelloCordova[19134:70b] -[CDVCommandQueue executePending] [Line 158] FAILED pluginJSON = [
  "INVALID",
  "StatusBar",
  "_ready",
  [

  ]
]
2014-04-17 16:24:44.380 HelloCordova[19134:70b] CDVPlugin class CDVDevice (pluginName: Device) does not exist.
2014-04-17 16:24:44.380 HelloCordova[19134:70b] ERROR: Plugin 'Device' not found, or is not a CDVPlugin. Check your plugin mapping in config.xml.
2014-04-17 16:24:44.381 HelloCordova[19134:70b] -[CDVCommandQueue executePending] [Line 158] FAILED pluginJSON = [
  "Device1276476444",
  "Device",
  "getDeviceInfo",
  [

  ]
]
2014-04-17 16:27:02.060 HelloCordova[19545:70b] Multi-tasking -> Device: YES, App: YES
2014-04-17 16:27:02.070 HelloCordova[19545:70b] Unlimited access to network resources
2014-04-17 16:27:02.095 HelloCordova[19545:70b] CDVPlugin class CDVStatusBar (pluginName: statusbar) does not exist.
2014-04-17 16:27:02.095 HelloCordova[19545:70b] [CDVTimer][statusbar] 0.635982ms
2014-04-17 16:27:02.096 HelloCordova[19545:70b] [CDVTimer][TotalPluginStartup] 1.087010ms
2014-04-17 16:27:02.495 HelloCordova[19545:70b] Resetting plugins due to page load.
2014-04-17 16:27:02.749 HelloCordova[19545:70b] Finished load of: file:///Users/dunkkle/Library/Application%20Support/iPhone%20Simulator/7.1/Applications/01A561E6-C37D-4572-82B3-C6EB14993BD0/HelloCordova.app/www/index.html
2014-04-17 16:27:02.783 HelloCordova[19545:70b] CDVPlugin class CDVStatusBar (pluginName: StatusBar) does not exist.
2014-04-17 16:27:02.783 HelloCordova[19545:70b] ERROR: Plugin 'StatusBar' not found, or is not a CDVPlugin. Check your plugin mapping in config.xml.
2014-04-17 16:27:02.784 HelloCordova[19545:70b] -[CDVCommandQueue executePending] [Line 158] FAILED pluginJSON = [
  "INVALID",
  "StatusBar",
  "_ready",
  [

  ]
]
2014-04-17 16:27:02.784 HelloCordova[19545:70b] CDVPlugin class CDVDevice (pluginName: Device) does not exist.
2014-04-17 16:27:02.785 HelloCordova[19545:70b] ERROR: Plugin 'Device' not found, or is not a CDVPlugin. Check your plugin mapping in config.xml.
2014-04-17 16:27:02.785 HelloCordova[19545:70b] -[CDVCommandQueue executePending] [Line 158] FAILED pluginJSON = [
  "Device1778655832",
  "Device",
  "getDeviceInfo",
  [

  ]
]
